<html>
<head>
<title>TestNG:  USPS Reports</title>
<link href="../testng.css" rel="stylesheet" type="text/css" />
<link href="../my-testng.css" rel="stylesheet" type="text/css" />

<style type="text/css">
.log { display: none;} 
.stack-trace { display: none;} 
</style>
<script type="text/javascript">
<!--
function flip(e) {
  current = e.style.display;
  if (current == 'block') {
    e.style.display = 'none';
    return 0;
  }
  else {
    e.style.display = 'block';
    return 1;
  }
}

function toggleBox(szDivId, elem, msg1, msg2)
{
  var res = -1;  if (document.getElementById) {
    res = flip(document.getElementById(szDivId));
  }
  else if (document.all) {
    // this is the way old msie versions work
    res = flip(document.all[szDivId]);
  }
  if(elem) {
    if(res == 0) elem.innerHTML = msg1; else elem.innerHTML = msg2;
  }

}

function toggleAllBoxes() {
  if (document.getElementsByTagName) {
    d = document.getElementsByTagName('div');
    for (i = 0; i < d.length; i++) {
      if (d[i].className == 'log') {
        flip(d[i]);
      }
    }
  }
}

// -->
</script>

</head>
<body>
<h2 align='center'>USPS Reports</h2><table border='1' align="center">
<tr>
<td>Tests passed/Failed/Skipped:</td><td>2/2/0</td>
</tr><tr>
<td>Started on:</td><td>Mon Mar 27 00:04:47 PDT 2023</td>
</tr>
<tr><td>Total time:</td><td>75 seconds (75349 ms)</td>
</tr><tr>
<td>Included groups:</td><td></td>
</tr><tr>
<td>Excluded groups:</td><td></td>
</tr>
</table><p/>
<small><i>(Hover the method name to see the test class name)</i></small><p/>
<table width='100%' border='1' class='invocation-failed'>
<tr><td colspan='4' align='center'><b>FAILED TESTS</b></td></tr>
<tr><td><b>Test method</b></td>
<td width="30%"><b>Exception</b></td>
<td width="10%"><b>Time (seconds)</b></td>
<td><b>Instance</b></td>
</tr>
<tr>
<td title='qa.vector.UspsCalculatorTest2.uspsCalTest2()'><b>uspsCalTest2</b><br>Test class: qa.vector.UspsCalculatorTest2<br>Test method: Type1:Home Depot box Medium -Â  (22 in. L x 16 in. W x 15 in. D)</td>
<td><div><pre>java.lang.AssertionError: Price is higher than $80 expected [true] but found [false]
	at qa.vector.UspsCalculatorTest2.uspsCalTest2(UspsCalculatorTest2.java:125)
	at java.util.concurrent.ThreadPoolExecutor.runWorker(ThreadPoolExecutor.java:1149)
	at java.util.concurrent.ThreadPoolExecutor$Worker.run(ThreadPoolExecutor.java:624)
	at java.lang.Thread.run(Thread.java:750)
... Removed 11 stack frames</pre></div><a href='#' onClick='toggleBox("stack-trace1256474404", this, "Click to show all stack frames", "Click to hide stack frames")'>Click to show all stack frames</a>
<div class='stack-trace' id='stack-trace1256474404'><pre>java.lang.AssertionError: Price is higher than $80 expected [true] but found [false]
	at org.testng.Assert.fail(Assert.java:94)
	at qa.vector.UspsCalculatorTest2.uspsCalTest2(UspsCalculatorTest2.java:125)
	at sun.reflect.NativeMethodAccessorImpl.invoke0(Native Method)
	at sun.reflect.NativeMethodAccessorImpl.invoke(NativeMethodAccessorImpl.java:62)
	at sun.reflect.DelegatingMethodAccessorImpl.invoke(DelegatingMethodAccessorImpl.java:43)
	at java.lang.reflect.Method.invoke(Method.java:498)
	at org.testng.internal.MethodInvocationHelper.invokeMethod(MethodInvocationHelper.java:86)
	at org.testng.internal.Invoker.invokeMethod(Invoker.java:643)
	at org.testng.internal.Invoker.invokeTestMethod(Invoker.java:820)
	at org.testng.internal.Invoker.invokeTestMethods(Invoker.java:1128)
	at org.testng.internal.TestMethodWorker.invokeTestMethods(TestMethodWorker.java:129)
	at org.testng.internal.TestMethodWorker.run(TestMethodWorker.java:112)
	at java.util.concurrent.ThreadPoolExecutor.runWorker(ThreadPoolExecutor.java:1149)
	at java.util.concurrent.ThreadPoolExecutor$Worker.run(ThreadPoolExecutor.java:624)
	at java.lang.Thread.run(Thread.java:750)
</pre></div></td>
<td>17</td>
<td>qa.vector.UspsCalculatorTest2@74a10858</td></tr>
<tr>
<td title='qa.vector.UspsCalculatorTest3.uspsCalTest3()'><b>uspsCalTest3</b><br>Test class: qa.vector.UspsCalculatorTest3<br>Test method: Type3:Home Depot box Large - (28 in. L x 15 in. W x 16 in. D)</td>
<td><div><pre>java.lang.AssertionError: Price is higher than $80 expected [true] but found [false]
	at qa.vector.UspsCalculatorTest3.uspsCalTest3(UspsCalculatorTest3.java:129)
	at java.util.concurrent.ThreadPoolExecutor.runWorker(ThreadPoolExecutor.java:1149)
	at java.util.concurrent.ThreadPoolExecutor$Worker.run(ThreadPoolExecutor.java:624)
	at java.lang.Thread.run(Thread.java:750)
... Removed 11 stack frames</pre></div><a href='#' onClick='toggleBox("stack-trace1048292642", this, "Click to show all stack frames", "Click to hide stack frames")'>Click to show all stack frames</a>
<div class='stack-trace' id='stack-trace1048292642'><pre>java.lang.AssertionError: Price is higher than $80 expected [true] but found [false]
	at org.testng.Assert.fail(Assert.java:94)
	at qa.vector.UspsCalculatorTest3.uspsCalTest3(UspsCalculatorTest3.java:129)
	at sun.reflect.NativeMethodAccessorImpl.invoke0(Native Method)
	at sun.reflect.NativeMethodAccessorImpl.invoke(NativeMethodAccessorImpl.java:62)
	at sun.reflect.DelegatingMethodAccessorImpl.invoke(DelegatingMethodAccessorImpl.java:43)
	at java.lang.reflect.Method.invoke(Method.java:498)
	at org.testng.internal.MethodInvocationHelper.invokeMethod(MethodInvocationHelper.java:86)
	at org.testng.internal.Invoker.invokeMethod(Invoker.java:643)
	at org.testng.internal.Invoker.invokeTestMethod(Invoker.java:820)
	at org.testng.internal.Invoker.invokeTestMethods(Invoker.java:1128)
	at org.testng.internal.TestMethodWorker.invokeTestMethods(TestMethodWorker.java:129)
	at org.testng.internal.TestMethodWorker.run(TestMethodWorker.java:112)
	at java.util.concurrent.ThreadPoolExecutor.runWorker(ThreadPoolExecutor.java:1149)
	at java.util.concurrent.ThreadPoolExecutor$Worker.run(ThreadPoolExecutor.java:624)
	at java.lang.Thread.run(Thread.java:750)
</pre></div></td>
<td>17</td>
<td>qa.vector.UspsCalculatorTest3@23fe1d71</td></tr>
</table><p>
<table width='100%' border='1' class='invocation-passed'>
<tr><td colspan='4' align='center'><b>PASSED TESTS</b></td></tr>
<tr><td><b>Test method</b></td>
<td width="30%"><b>Exception</b></td>
<td width="10%"><b>Time (seconds)</b></td>
<td><b>Instance</b></td>
</tr>
<tr>
<td title='CommonUtility.SetEnvStaging.SetFunEnv()'><b>SetFunEnv</b><br>Test class: CommonUtility.SetEnvStaging</td>
<td></td>
<td>0</td>
<td>CommonUtility.SetEnvStaging@cb0ed20</td></tr>
<tr>
<td title='qa.vector.UspsCalculatorTest.uspsCalTest1()'><b>uspsCalTest1</b><br>Test class: qa.vector.UspsCalculatorTest<br>Test method: Type1:Home Depot box Small - (16 in. L x 12 in. W x 12 in. D)</td>
<td></td>
<td>18</td>
<td>qa.vector.UspsCalculatorTest@8e24743</td></tr>
</table><p>
</body>
</html>